<?xml version="1.0" encoding="UTF-8"?>
<coverage generated="1781699723541" clover="3.2.0">
  <project timestamp="1781699723541" name="All files">
    <metrics statements="27" coveredstatements="24" conditionals="7" coveredconditionals="5" methods="9" coveredmethods="8" elements="43" coveredelements="37" complexity="0" loc="27" ncloc="27" packages="1" files="2" classes="2"/>
    <file name="Blog.jsx" path="/Users/michaelaweiss/fullstack_course/part5/bloglist-frontend/src/components/Blog.jsx">
      <metrics statements="13" coveredstatements="10" conditionals="7" coveredconditionals="5" methods="4" coveredmethods="3"/>
      <line num="3" count="1" type="stmt"/>
      <line num="5" count="6" type="stmt"/>
      <line num="7" count="6" type="stmt"/>
      <line num="15" count="6" type="stmt"/>
      <line num="16" count="2" type="stmt"/>
      <line num="20" count="6" type="stmt"/>
      <line num="21" count="2" type="stmt"/>
      <line num="22" count="2" type="stmt"/>
      <line num="29" count="6" type="stmt"/>
      <line num="30" count="0" type="stmt"/>
      <line num="31" count="0" type="cond" truecount="0" falsecount="2"/>
      <line num="32" count="0" type="stmt"/>
      <line num="36" count="6" type="stmt"/>
    </file>
    <file name="BlogForm.jsx" path="/Users/michaelaweiss/fullstack_course/part5/bloglist-frontend/src/components/BlogForm.jsx">
      <metrics statements="14" coveredstatements="14" conditionals="0" coveredconditionals="0" methods="5" coveredmethods="5"/>
      <line num="5" count="1" type="stmt"/>
      <line num="6" count="49" type="stmt"/>
      <line num="7" count="49" type="stmt"/>
      <line num="8" count="49" type="stmt"/>
      <line num="10" count="49" type="stmt"/>
      <line num="11" count="1" type="stmt"/>
      <line num="12" count="1" type="stmt"/>
      <line num="17" count="1" type="stmt"/>
      <line num="18" count="1" type="stmt"/>
      <line num="19" count="1" type="stmt"/>
      <line num="22" count="49" type="stmt"/>
      <line num="32" count="14" type="stmt"/>
      <line num="42" count="8" type="stmt"/>
      <line num="52" count="25" type="stmt"/>
    </file>
  </project>
</coverage>
