{"/Users/michaelaweiss/fullstack_course/part5/bloglist-frontend/src/components/Blog.jsx": {"path":"/Users/michaelaweiss/fullstack_course/part5/bloglist-frontend/src/components/Blog.jsx","statementMap":{"0":{"start":{"line":3,"column":13},"end":{"line":57,"column":null}},"1":{"start":{"line":5,"column":28},"end":{"line":5,"column":null}},"2":{"start":{"line":7,"column":20},"end":{"line":13,"column":null}},"3":{"start":{"line":15,"column":27},"end":{"line":17,"column":null}},"4":{"start":{"line":16,"column":4},"end":{"line":16,"column":null}},"5":{"start":{"line":20,"column":18},"end":{"line":26,"column":null}},"6":{"start":{"line":21,"column":4},"end":{"line":21,"column":null}},"7":{"start":{"line":22,"column":4},"end":{"line":25,"column":null}},"8":{"start":{"line":29,"column":21},"end":{"line":34,"column":null}},"9":{"start":{"line":30,"column":4},"end":{"line":30,"column":null}},"10":{"start":{"line":31,"column":4},"end":{"line":33,"column":null}},"11":{"start":{"line":32,"column":6},"end":{"line":32,"column":null}},"12":{"start":{"line":36,"column":2},"end":{"line":55,"column":null}}},"fnMap":{"0":{"name":"(anonymous_0)","decl":{"start":{"line":3,"column":13},"end":{"line":3,"column":14}},"loc":{"start":{"line":3,"column":59},"end":{"line":57,"column":null}},"line":3},"1":{"name":"(anonymous_1)","decl":{"start":{"line":15,"column":27},"end":{"line":15,"column":33}},"loc":{"start":{"line":15,"column":33},"end":{"line":17,"column":null}},"line":15},"2":{"name":"(anonymous_2)","decl":{"start":{"line":20,"column":18},"end":{"line":20,"column":19}},"loc":{"start":{"line":20,"column":29},"end":{"line":26,"column":null}},"line":20},"3":{"name":"(anonymous_3)","decl":{"start":{"line":29,"column":21},"end":{"line":29,"column":22}},"loc":{"start":{"line":29,"column":32},"end":{"line":34,"column":null}},"line":29}},"branchMap":{"0":{"loc":{"start":{"line":31,"column":4},"end":{"line":33,"column":null}},"type":"if","locations":[{"start":{"line":31,"column":4},"end":{"line":33,"column":null}},{"start":{},"end":{}}],"line":31},"1":{"loc":{"start":{"line":38,"column":7},"end":{"line":53,"column":null}},"type":"cond-expr","locations":[{"start":{"line":39,"column":8},"end":{"line":48,"column":null}},{"start":{"line":50,"column":8},"end":{"line":53,"column":null}}],"line":38},"2":{"loc":{"start":{"line":45,"column":11},"end":{"line":46,"column":null}},"type":"binary-expr","locations":[{"start":{"line":45,"column":11},"end":{"line":45,"column":24}},{"start":{"line":45,"column":24},"end":{"line":45,"column":null}},{"start":{"line":46,"column":12},"end":{"line":46,"column":null}}],"line":45}},"s":{"0":1,"1":6,"2":6,"3":6,"4":2,"5":6,"6":2,"7":2,"8":6,"9":0,"10":0,"11":0,"12":6},"f":{"0":6,"1":2,"2":2,"3":0},"b":{"0":[0,0],"1":[2,4],"2":[2,2,2]},"meta":{"lastBranch":3,"lastFunction":4,"lastStatement":13,"seen":{"s:3:13:57:Infinity":0,"f:3:13:3:14":0,"s:5:28:5:Infinity":1,"s:7:20:13:Infinity":2,"s:15:27:17:Infinity":3,"f:15:27:15:33":1,"s:16:4:16:Infinity":4,"s:20:18:26:Infinity":5,"f:20:18:20:19":2,"s:21:4:21:Infinity":6,"s:22:4:25:Infinity":7,"s:29:21:34:Infinity":8,"f:29:21:29:22":3,"s:30:4:30:Infinity":9,"b:31:4:33:Infinity:undefined:undefined:undefined:undefined":0,"s:31:4:33:Infinity":10,"s:32:6:32:Infinity":11,"s:36:2:55:Infinity":12,"b:39:8:48:Infinity:50:8:53:Infinity":1,"b:45:11:45:24:45:24:45:Infinity:46:12:46:Infinity":2},"fnNames":{}}}
,"/Users/michaelaweiss/fullstack_course/part5/bloglist-frontend/src/components/BlogForm.jsx": {"path":"/Users/michaelaweiss/fullstack_course/part5/bloglist-frontend/src/components/BlogForm.jsx","statementMap":{"0":{"start":{"line":5,"column":17},"end":{"line":61,"column":null}},"1":{"start":{"line":6,"column":24},"end":{"line":6,"column":null}},"2":{"start":{"line":7,"column":26},"end":{"line":7,"column":null}},"3":{"start":{"line":8,"column":20},"end":{"line":8,"column":null}},"4":{"start":{"line":10,"column":18},"end":{"line":20,"column":null}},"5":{"start":{"line":11,"column":4},"end":{"line":11,"column":null}},"6":{"start":{"line":12,"column":4},"end":{"line":16,"column":null}},"7":{"start":{"line":17,"column":4},"end":{"line":17,"column":null}},"8":{"start":{"line":18,"column":4},"end":{"line":18,"column":null}},"9":{"start":{"line":19,"column":4},"end":{"line":19,"column":null}},"10":{"start":{"line":22,"column":2},"end":{"line":60,"column":null}},"11":{"start":{"line":32,"column":40},"end":{"line":32,"column":null}},"12":{"start":{"line":42,"column":40},"end":{"line":42,"column":null}},"13":{"start":{"line":52,"column":40},"end":{"line":52,"column":null}}},"fnMap":{"0":{"name":"(anonymous_0)","decl":{"start":{"line":5,"column":17},"end":{"line":5,"column":18}},"loc":{"start":{"line":5,"column":37},"end":{"line":61,"column":null}},"line":5},"1":{"name":"(anonymous_1)","decl":{"start":{"line":10,"column":18},"end":{"line":10,"column":19}},"loc":{"start":{"line":10,"column":29},"end":{"line":20,"column":null}},"line":10},"2":{"name":"(anonymous_2)","decl":{"start":{"line":32,"column":24},"end":{"line":32,"column":25}},"loc":{"start":{"line":32,"column":40},"end":{"line":32,"column":null}},"line":32},"3":{"name":"(anonymous_3)","decl":{"start":{"line":42,"column":24},"end":{"line":42,"column":25}},"loc":{"start":{"line":42,"column":40},"end":{"line":42,"column":null}},"line":42},"4":{"name":"(anonymous_4)","decl":{"start":{"line":52,"column":24},"end":{"line":52,"column":25}},"loc":{"start":{"line":52,"column":40},"end":{"line":52,"column":null}},"line":52}},"branchMap":{},"s":{"0":1,"1":49,"2":49,"3":49,"4":49,"5":1,"6":1,"7":1,"8":1,"9":1,"10":49,"11":14,"12":8,"13":25},"f":{"0":49,"1":1,"2":14,"3":8,"4":25},"b":{},"meta":{"lastBranch":0,"lastFunction":5,"lastStatement":14,"seen":{"s:5:17:61:Infinity":0,"f:5:17:5:18":0,"s:6:24:6:Infinity":1,"s:7:26:7:Infinity":2,"s:8:20:8:Infinity":3,"s:10:18:20:Infinity":4,"f:10:18:10:19":1,"s:11:4:11:Infinity":5,"s:12:4:16:Infinity":6,"s:17:4:17:Infinity":7,"s:18:4:18:Infinity":8,"s:19:4:19:Infinity":9,"s:22:2:60:Infinity":10,"f:32:24:32:25":2,"s:32:40:32:Infinity":11,"f:42:24:42:25":3,"s:42:40:42:Infinity":12,"f:52:24:52:25":4,"s:52:40:52:Infinity":13},"fnNames":{}}}
}
